<?xml version="1.0" encoding="UTF-8"?>
<!-- Generated by org.testng.reporters.JUnitReportReporter -->
<testsuite hostname="DESKTOP-HE4QSM0" name="testCases.VerifyHomePage" tests="1" failures="0" timestamp="29 Jul 2017 06:34:09 GMT" time="34.383" errors="0">
  <testcase name="testHomePage" time="34.383" classname="testCases.VerifyHomePage"/>
</testsuite> <!-- testCases.VerifyHomePage -->
